<?xml version="1.0" encoding="UTF-8"?>
<!-- Generated by org.testng.reporters.JUnitReportReporter -->
<testsuite skipped="0" hostname="BDC6-DX-3P98N62" name="com.tests.NewTest1" tests="3" failures="0" timestamp="16 Apr 2019 06:23:49 GMT" time="0.022" errors="0">
  <testcase name="testAccentrurePortal" time="0.004" classname="com.tests.NewTest1"/>
  <testcase name="demoPortal" time="0.016" classname="com.tests.NewTest1"/>
  <testcase name="testGoogleHomepage" time="0.002" classname="com.tests.NewTest1"/>
</testsuite> <!-- com.tests.NewTest1 -->
